INFO:root:attempted to add: https://www.gantryworks.com/pages/terms-of-service
INFO:root:attempted to add: https://includewp.com/tgmpa/
INFO:root:attempted to add: https://wordpress.org/plugins/pods/
INFO:root:attempted to add: https://wordpress.org/plugins/advanced-custom-fields/
INFO:root:attempted to add: https://wordpress.org/plugins/types/
INFO:root:attempted to add: https://github.com/aristath/kirki/
INFO:root:attempted to add: https://wordpress.org/plugins/kirki/
INFO:root:attempted to add: https://includewp.com/underscores/
INFO:root:attempted to add: https://wordpress.org/plugins/cmb2/
INFO:root:attempted to add: https://wordpress.org/plugins/redux-framework/
ERROR:urllib3.connection:Certificate did not match expected hostname: www.kidkedoo.com. Certificate: {'subject': ((('commonName', '*.azurewebsites.net'),),), 'subjectAltName': [('DNS', '*.azurewebsites.net'), ('DNS', '*.scm.azurewebsites.net'), ('DNS', '*.azure-mobile.net'), ('DNS', '*.scm.azure-mobile.net')]}
INFO:root:attempted to add: https://www.comindware.com/legal/
INFO:root:attempted to add: https://icons8.com/privacy-policy/
INFO:root:attempted to add: https://icons8.com/terms-and-conditions/
INFO:root:attempted to add: https://www.clerky.com/site/terms-13-02-27/
INFO:root:attempted to add: https://bongacams.com/privacy
INFO:root:attempted to add: https://bongacams.com/terms
INFO:root:attempted to add: https://bongacams.com/user-faq
INFO:root:attempted to add: https://www.exoscale.ch/terms/
INFO:root:attempted to add: https://www.exoscale.ch/infrastructure/security/
INFO:root:attempted to add: http://www.denverpost.com/feed/
INFO:root:attempted to add: http://www.denverpost.com/ethics-policy/
INFO:root:attempted to add: http://www.denverpost.com/2016/05/26/photos-colorado-mug-shots-the-rogues-gallery/
INFO:root:attempted to add: http://www.denverpost.com/terms-of-use/
INFO:root:attempted to add: https://www.workato.com/terms
INFO:root:attempted to add: https://www.workato.com/privacy
INFO:root:attempted to add: https://fitbit.com/returns
INFO:root:attempted to add: https://fitbit.com/buzz
INFO:root:attempted to add: https://www.codeinwp.com/blog/wix-vs-squarespace-vs-virb-vs-weebly-vs-wordpress-theme-builders/
INFO:root:attempted to add: https://www.codeinwp.com/blog/best-wordpress-hosting/
INFO:root:attempted to add: https://www.goby.co/tos
INFO:root:attempted to add: https://www.goby.co/privacy_policy
INFO:root:attempted to add: https://www.getairpodskin.com/terms-and-conditions/
INFO:root:attempted to add: https://planiro.com/en/terms
INFO:root:attempted to add: https://www.bestvpn.com/the-ultimate-privacy-guide/
ERROR:urllib3.connection:Certificate did not match expected hostname: nbatickets.nba.com. Certificate: {'subject': ((('commonName', 'a248.e.akamai.net'),),), 'subjectAltName': [('DNS', '*.akamaized.net'), ('DNS', '*.akamaihd-staging.net'), ('DNS', '*.akamaized-staging.net'), ('DNS', '*.akamaihd.net'), ('DNS', 'a248.e.akamai.net')]}
INFO:root:attempted to add: http://www.nba.com/news/termsofuse
INFO:root:attempted to add: http://www.nba.com/news/privacy_policy.html
INFO:root:attempted to add: http://www.oncrawl.com/tos/
INFO:root:attempted to add: https://overlayblock.com/terms
INFO:root:attempted to add: https://weegingerdug.wordpress.com/2017/11/11/alexandrevitch-salmondov-tv/
INFO:root:attempted to add: http://metatalk.metafilter.com/24590/Metatalktail-Hour-We-Solved-the-Problem-So-Everything-Is-Awesome
INFO:root:attempted to add: http://feeds.feedburner.com/AskMetafilter
INFO:root:attempted to add: https://www.theatlantic.com/magazine/archive/2017/12/the-making-of-an-american-nazi/544119/
INFO:root:attempted to add: http://www.metafilter.com/170458/Lets-remind-ourselves-of-the-catalogue-of-chaos
INFO:root:attempted to add: https://www.nytimes.com/interactive/2017/11/16/magazine/uncounted-civilian-casualties-iraq-airstrikes.html
INFO:root:attempted to add: https://en.wikipedia.org/wiki/The_Daily_Stormer
INFO:root:attempted to add: https://www.wired.com/story/how-one-womans-digital-life-was-weaponized-against-her/
INFO:root:attempted to add: https://en.wikipedia.org/wiki/RT_(TV_network)
INFO:root:attempted to add: http://bmjopen.bmj.com/content/7/11/e017722
INFO:root:attempted to add: https://web.archive.org/web/20110206001929/http://www.chronicle.com/article/The-Shadow-Scholar/125329/
ERROR:urllib3.connection:Certificate did not match expected hostname: www.thisisbandwidth.com. Certificate: {'subject': ((('commonName', '*.srv.cat'),),), 'subjectAltName': [('DNS', '*.srv.cat'), ('DNS', 'srv.cat')]}
INFO:root:attempted to add: https://gust.com/tos
INFO:root:attempted to add: https://gust.com/privacy-policy
INFO:root:attempted to add: https://gust.com/launch/tos/
INFO:root:attempted to add: https://gigster.com/terms-of-use
ERROR:urllib3.connection:Certificate did not match expected hostname: cimply.co. Certificate: {'subject': ((('commonName', '*.bluehost.com'),),), 'subjectAltName': [('DNS', '*.bluehost.com'), ('DNS', 'bluehost.com')]}
INFO:root:attempted to add: https://merriam-webster.com/privacy-policy
INFO:root:attempted to add: https://merriam-webster.com/terms-of-use
INFO:root:attempted to add: https://www.stylemd.co/privacy
INFO:root:attempted to add: https://www.stylemd.co/terms-of-service
INFO:root:attempted to add: http://www.eurogamer.net/?format=rss
INFO:root:attempted to add: https://www.stitchdata.com/terms
INFO:root:attempted to add: https://www.stitchdata.com/privacy
ERROR:urllib3.connection:Certificate did not match expected hostname: www.woodieful.com. Certificate: {'subject': ((('commonName', '*.domenca.com'),),), 'subjectAltName': [('DNS', '*.domenca.com'), ('DNS', 'domenca.com')]}
INFO:root:attempted to add: https://www.voxmedia.com/privacy-policy
INFO:root:attempted to add: https://www.voxmedia.com/pages/privacy-policy
INFO:root:attempted to add: https://www.voxmedia.com/terms-of-use
INFO:root:attempted to add: https://pepperfilters.com/terms
INFO:root:attempted to add: https://attach.io/terms/
INFO:root:attempted to add: https://whosonlocation.com/privacy-policy/
INFO:root:attempted to add: https://whosonlocation.com/terms-of-use/
